0 info it worked if it ends with ok
1 verbose cli [ 'C:\\Program Files\\nodejs\\node.exe',
1 verbose cli   'C:\\Users\\Chary\\AppData\\Roaming\\npm\\node_modules\\npm\\bin\\npm-cli.js',
1 verbose cli   'start' ]
2 info using npm@3.10.9
3 info using node@v6.9.1
4 verbose run-script [ 'prestart', 'start', 'poststart' ]
5 info lifecycle MyFcaDashboard@1.0.0~prestart: MyFcaDashboard@1.0.0
6 silly lifecycle MyFcaDashboard@1.0.0~prestart: no script for prestart, continuing
7 info lifecycle MyFcaDashboard@1.0.0~start: MyFcaDashboard@1.0.0
8 verbose lifecycle MyFcaDashboard@1.0.0~start: unsafe-perm in lifecycle true
9 verbose lifecycle MyFcaDashboard@1.0.0~start: PATH: C:\Users\Chary\AppData\Roaming\npm\node_modules\npm\bin\node-gyp-bin;E:\Projects\angular2\b\myfca-development-repo-master_3\myfca-development-repo-master\src\main\webapp\node_modules\.bin;C:\ProgramData\Oracle\Java\javapath;C:\Windows\system32;C:\Windows;C:\Windows\System32\Wbem;C:\Windows\System32\WindowsPowerShell\v1.0\;C:\Program Files\Intel\WiFi\bin\;C:\Program Files\Common Files\Intel\WirelessCommon\;C:\Program Files (x86)\MySQL\MySQL Fabric 1.5.4 & MySQL Utilities 1.5.4 1.5\;C:\Program Files (x86)\MySQL\MySQL Fabric 1.5.4 & MySQL Utilities 1.5.4 1.5\Doctrine extensions for PHP\;C:\Program Files\nodejs\;C:\Program Files (x86)\Skype\Phone\;C:\Program Files\Intel\WiFi\bin\;C:\Program Files\Common Files\Intel\WirelessCommon\;C:\Users\Chary\AppData\Roaming\npm;C:\Program Files (x86)\Microsoft VS Code\bin
10 verbose lifecycle MyFcaDashboard@1.0.0~start: CWD: E:\Projects\angular2\b\myfca-development-repo-master_3\myfca-development-repo-master\src\main\webapp
11 silly lifecycle MyFcaDashboard@1.0.0~start: Args: [ '/d /s /c', 'tsc && concurrently "tsc -w" "lite-server" ' ]
12 silly lifecycle MyFcaDashboard@1.0.0~start: Returned: code: 1  signal: null
13 info lifecycle MyFcaDashboard@1.0.0~start: Failed to exec start script
14 verbose stack Error: MyFcaDashboard@1.0.0 start: `tsc && concurrently "tsc -w" "lite-server" `
14 verbose stack Exit status 1
14 verbose stack     at EventEmitter.<anonymous> (C:\Users\Chary\AppData\Roaming\npm\node_modules\npm\lib\utils\lifecycle.js:255:16)
14 verbose stack     at emitTwo (events.js:106:13)
14 verbose stack     at EventEmitter.emit (events.js:191:7)
14 verbose stack     at ChildProcess.<anonymous> (C:\Users\Chary\AppData\Roaming\npm\node_modules\npm\lib\utils\spawn.js:40:14)
14 verbose stack     at emitTwo (events.js:106:13)
14 verbose stack     at ChildProcess.emit (events.js:191:7)
14 verbose stack     at maybeClose (internal/child_process.js:877:16)
14 verbose stack     at Process.ChildProcess._handle.onexit (internal/child_process.js:226:5)
15 verbose pkgid MyFcaDashboard@1.0.0
16 verbose cwd E:\Projects\angular2\b\myfca-development-repo-master_3\myfca-development-repo-master\src\main\webapp\app
17 error Windows_NT 6.3.9600
18 error argv "C:\\Program Files\\nodejs\\node.exe" "C:\\Users\\Chary\\AppData\\Roaming\\npm\\node_modules\\npm\\bin\\npm-cli.js" "start"
19 error node v6.9.1
20 error npm  v3.10.9
21 error code ELIFECYCLE
22 error MyFcaDashboard@1.0.0 start: `tsc && concurrently "tsc -w" "lite-server" `
22 error Exit status 1
23 error Failed at the MyFcaDashboard@1.0.0 start script 'tsc && concurrently "tsc -w" "lite-server" '.
23 error Make sure you have the latest version of node.js and npm installed.
23 error If you do, this is most likely a problem with the MyFcaDashboard package,
23 error not with npm itself.
23 error Tell the author that this fails on your system:
23 error     tsc && concurrently "tsc -w" "lite-server"
23 error You can get information on how to open an issue for this project with:
23 error     npm bugs MyFcaDashboard
23 error Or if that isn't available, you can get their info via:
23 error     npm owner ls MyFcaDashboard
23 error There is likely additional logging output above.
24 verbose exit [ 1, true ]
