INFO	?	main	2016-12-28T20:30:40.759Z	org.javacs.Main#connectToNode	Connected to parent using socket on port 55282
INFO	?	main	2016-12-28T20:30:40.937Z	org.javacs.JavaLanguageServer#doLint	Lint [c:\Users\sharmab\Desktop\work\myfca-dev\myfca-development-repo\src\main\java\com\imperialm\imiservices\dao\TilesDAO.java]
INFO	?	main	2016-12-28T20:30:41.050Z	org.javacs.JavaLanguageServer#buildClassPath	Emit classpath to C:\Users\sharmab\AppData\Local\Temp\classpath3636128685511767479.txt
INFO	?	main	2016-12-28T20:30:46.146Z	org.javacs.JavaLanguageServer#sourceDirectories	Use default source directory src/main/java
INFO	?	main	2016-12-28T20:30:46.148Z	org.javacs.JavaLanguageServer#sourceDirectories	Use default test directory src/test/java
INFO	?	InitialIndex	2016-12-28T20:30:46.483Z	org.javacs.SymbolIndex$1#parseAll	Index c:\Users\sharmab\Desktop\work\myfca-dev\myfca-development-repo\src\main\java\com\imperialm\imiservices\aop\IMIServicesMonitor.java
INFO	?	InitialIndex	2016-12-28T20:30:46.488Z	org.javacs.SymbolIndex$1#parseAll	Index c:\Users\sharmab\Desktop\work\myfca-dev\myfca-development-repo\src\main\java\com\imperialm\imiservices\config\IMIServiceConfig.java
INFO	?	InitialIndex	2016-12-28T20:30:46.492Z	org.javacs.SymbolIndex$1#parseAll	Index c:\Users\sharmab\Desktop\work\myfca-dev\myfca-development-repo\src\main\java\com\imperialm\imiservices\config\IMIServiceSecutiryConfig.java
INFO	?	InitialIndex	2016-12-28T20:30:46.494Z	org.javacs.SymbolIndex$1#parseAll	Index c:\Users\sharmab\Desktop\work\myfca-dev\myfca-development-repo\src\main\java\com\imperialm\imiservices\config\IMIServicesInitializer.java
INFO	?	InitialIndex	2016-12-28T20:30:46.497Z	org.javacs.SymbolIndex$1#parseAll	Index c:\Users\sharmab\Desktop\work\myfca-dev\myfca-development-repo\src\main\java\com\imperialm\imiservices\config\IMIServicesWebConfig.java
INFO	?	InitialIndex	2016-12-28T20:30:46.500Z	org.javacs.SymbolIndex$1#parseAll	Index c:\Users\sharmab\Desktop\work\myfca-dev\myfca-development-repo\src\main\java\com\imperialm\imiservices\config\JpaConfiguration.java
INFO	?	InitialIndex	2016-12-28T20:30:46.505Z	org.javacs.SymbolIndex$1#parseAll	Index c:\Users\sharmab\Desktop\work\myfca-dev\myfca-development-repo\src\main\java\com\imperialm\imiservices\dao\BannerDAO.java
INFO	?	InitialIndex	2016-12-28T20:30:46.512Z	org.javacs.SymbolIndex$1#parseAll	Index c:\Users\sharmab\Desktop\work\myfca-dev\myfca-development-repo\src\main\java\com\imperialm\imiservices\dao\BannerDAOImpl.java
INFO	?	InitialIndex	2016-12-28T20:30:46.517Z	org.javacs.SymbolIndex$1#parseAll	Index c:\Users\sharmab\Desktop\work\myfca-dev\myfca-development-repo\src\main\java\com\imperialm\imiservices\dao\DashboardDAO.java
INFO	?	InitialIndex	2016-12-28T20:30:46.519Z	org.javacs.SymbolIndex$1#parseAll	Index c:\Users\sharmab\Desktop\work\myfca-dev\myfca-development-repo\src\main\java\com\imperialm\imiservices\dao\DashboardDAOImpl.java
INFO	?	InitialIndex	2016-12-28T20:30:46.532Z	org.javacs.SymbolIndex$1#parseAll	Index c:\Users\sharmab\Desktop\work\myfca-dev\myfca-development-repo\src\main\java\com\imperialm\imiservices\dao\MenuDAO.java
INFO	?	InitialIndex	2016-12-28T20:30:46.537Z	org.javacs.SymbolIndex$1#parseAll	Index c:\Users\sharmab\Desktop\work\myfca-dev\myfca-development-repo\src\main\java\com\imperialm\imiservices\dao\MenuDAOImpl.java
INFO	?	InitialIndex	2016-12-28T20:30:46.546Z	org.javacs.SymbolIndex$1#parseAll	Index c:\Users\sharmab\Desktop\work\myfca-dev\myfca-development-repo\src\main\java\com\imperialm\imiservices\dao\TilesDAO.java
INFO	?	InitialIndex	2016-12-28T20:30:46.548Z	org.javacs.SymbolIndex$1#parseAll	Index c:\Users\sharmab\Desktop\work\myfca-dev\myfca-development-repo\src\main\java\com\imperialm\imiservices\dao\TilesDAOImpl.java
INFO	?	InitialIndex	2016-12-28T20:30:46.551Z	org.javacs.SymbolIndex$1#parseAll	Index c:\Users\sharmab\Desktop\work\myfca-dev\myfca-development-repo\src\main\java\com\imperialm\imiservices\dao\UserProfileDAO.java
INFO	?	InitialIndex	2016-12-28T20:30:46.552Z	org.javacs.SymbolIndex$1#parseAll	Index c:\Users\sharmab\Desktop\work\myfca-dev\myfca-development-repo\src\main\java\com\imperialm\imiservices\dao\UserProfileDAOImpl.java
INFO	?	InitialIndex	2016-12-28T20:30:46.561Z	org.javacs.SymbolIndex$1#parseAll	Index c:\Users\sharmab\Desktop\work\myfca-dev\myfca-development-repo\src\main\java\com\imperialm\imiservices\dto\AccessDTO.java
INFO	?	InitialIndex	2016-12-28T20:30:46.564Z	org.javacs.SymbolIndex$1#parseAll	Index c:\Users\sharmab\Desktop\work\myfca-dev\myfca-development-repo\src\main\java\com\imperialm\imiservices\dto\AttributeDTO.java
INFO	?	InitialIndex	2016-12-28T20:30:46.566Z	org.javacs.SymbolIndex$1#parseAll	Index c:\Users\sharmab\Desktop\work\myfca-dev\myfca-development-repo\src\main\java\com\imperialm\imiservices\dto\BannersDTO.java
INFO	?	InitialIndex	2016-12-28T20:30:46.570Z	org.javacs.SymbolIndex$1#parseAll	Index c:\Users\sharmab\Desktop\work\myfca-dev\myfca-development-repo\src\main\java\com\imperialm\imiservices\dto\DashboardDTO.java
INFO	?	InitialIndex	2016-12-28T20:30:46.586Z	org.javacs.SymbolIndex$1#parseAll	Index c:\Users\sharmab\Desktop\work\myfca-dev\myfca-development-repo\src\main\java\com\imperialm\imiservices\dto\ImagesDTO.java
INFO	?	InitialIndex	2016-12-28T20:30:46.592Z	org.javacs.SymbolIndex$1#parseAll	Index c:\Users\sharmab\Desktop\work\myfca-dev\myfca-development-repo\src\main\java\com\imperialm\imiservices\dto\MenuDetailDTO.java
INFO	?	InitialIndex	2016-12-28T20:30:46.600Z	org.javacs.SymbolIndex$1#parseAll	Index c:\Users\sharmab\Desktop\work\myfca-dev\myfca-development-repo\src\main\java\com\imperialm\imiservices\dto\MenuDTO.java
INFO	?	InitialIndex	2016-12-28T20:30:46.604Z	org.javacs.SymbolIndex$1#parseAll	Index c:\Users\sharmab\Desktop\work\myfca-dev\myfca-development-repo\src\main\java\com\imperialm\imiservices\dto\request\InputRequest.java
INFO	?	InitialIndex	2016-12-28T20:30:46.619Z	org.javacs.SymbolIndex$1#parseAll	Index c:\Users\sharmab\Desktop\work\myfca-dev\myfca-development-repo\src\main\java\com\imperialm\imiservices\dto\request\UserRoleRequest.java
INFO	?	InitialIndex	2016-12-28T20:30:46.626Z	org.javacs.SymbolIndex$1#parseAll	Index c:\Users\sharmab\Desktop\work\myfca-dev\myfca-development-repo\src\main\java\com\imperialm\imiservices\dto\RoleDTO.java
INFO	?	InitialIndex	2016-12-28T20:30:46.630Z	org.javacs.SymbolIndex$1#parseAll	Index c:\Users\sharmab\Desktop\work\myfca-dev\myfca-development-repo\src\main\java\com\imperialm\imiservices\dto\SubMenuDTO.java
INFO	?	InitialIndex	2016-12-28T20:30:46.633Z	org.javacs.SymbolIndex$1#parseAll	Index c:\Users\sharmab\Desktop\work\myfca-dev\myfca-development-repo\src\main\java\com\imperialm\imiservices\dto\TileDTO.java
INFO	?	InitialIndex	2016-12-28T20:30:46.637Z	org.javacs.SymbolIndex$1#parseAll	Index c:\Users\sharmab\Desktop\work\myfca-dev\myfca-development-repo\src\main\java\com\imperialm\imiservices\dto\UserProfileDTO.java
INFO	?	InitialIndex	2016-12-28T20:30:46.650Z	org.javacs.SymbolIndex$1#parseAll	Index c:\Users\sharmab\Desktop\work\myfca-dev\myfca-development-repo\src\main\java\com\imperialm\imiservices\filters\IMIServicesFilter.java
INFO	?	InitialIndex	2016-12-28T20:30:46.652Z	org.javacs.SymbolIndex$1#parseAll	Index c:\Users\sharmab\Desktop\work\myfca-dev\myfca-development-repo\src\main\java\com\imperialm\imiservices\IMIServicesApplication.java
INFO	?	InitialIndex	2016-12-28T20:30:46.659Z	org.javacs.SymbolIndex$1#parseAll	Index c:\Users\sharmab\Desktop\work\myfca-dev\myfca-development-repo\src\main\java\com\imperialm\imiservices\model\Attribute.java
INFO	?	InitialIndex	2016-12-28T20:30:46.664Z	org.javacs.SymbolIndex$1#parseAll	Index c:\Users\sharmab\Desktop\work\myfca-dev\myfca-development-repo\src\main\java\com\imperialm\imiservices\model\Dashboard.java
INFO	?	InitialIndex	2016-12-28T20:30:46.671Z	org.javacs.SymbolIndex$1#parseAll	Index c:\Users\sharmab\Desktop\work\myfca-dev\myfca-development-repo\src\main\java\com\imperialm\imiservices\model\Program.java
INFO	?	InitialIndex	2016-12-28T20:30:46.680Z	org.javacs.SymbolIndex$1#parseAll	Index c:\Users\sharmab\Desktop\work\myfca-dev\myfca-development-repo\src\main\java\com\imperialm\imiservices\model\response\BannerResponse.java
INFO	?	InitialIndex	2016-12-28T20:30:46.685Z	org.javacs.SymbolIndex$1#parseAll	Index c:\Users\sharmab\Desktop\work\myfca-dev\myfca-development-repo\src\main\java\com\imperialm\imiservices\model\response\DashboardResponse.java
INFO	?	InitialIndex	2016-12-28T20:30:46.693Z	org.javacs.SymbolIndex$1#parseAll	Index c:\Users\sharmab\Desktop\work\myfca-dev\myfca-development-repo\src\main\java\com\imperialm\imiservices\model\response\MenuResponse.java
INFO	?	InitialIndex	2016-12-28T20:30:46.711Z	org.javacs.SymbolIndex$1#parseAll	Index c:\Users\sharmab\Desktop\work\myfca-dev\myfca-development-repo\src\main\java\com\imperialm\imiservices\model\response\TileReponse.java
INFO	?	InitialIndex	2016-12-28T20:30:46.714Z	org.javacs.SymbolIndex$1#parseAll	Index c:\Users\sharmab\Desktop\work\myfca-dev\myfca-development-repo\src\main\java\com\imperialm\imiservices\model\response\UserProfileResponse.java
INFO	?	InitialIndex	2016-12-28T20:30:46.720Z	org.javacs.SymbolIndex$1#parseAll	Index c:\Users\sharmab\Desktop\work\myfca-dev\myfca-development-repo\src\main\java\com\imperialm\imiservices\model\Role.java
INFO	?	InitialIndex	2016-12-28T20:30:46.745Z	org.javacs.SymbolIndex$1#parseAll	Index c:\Users\sharmab\Desktop\work\myfca-dev\myfca-development-repo\src\main\java\com\imperialm\imiservices\model\Tile.java
INFO	?	InitialIndex	2016-12-28T20:30:46.763Z	org.javacs.SymbolIndex$1#parseAll	Index c:\Users\sharmab\Desktop\work\myfca-dev\myfca-development-repo\src\main\java\com\imperialm\imiservices\model\Tileattribute.java
INFO	?	InitialIndex	2016-12-28T20:30:46.773Z	org.javacs.SymbolIndex$1#parseAll	Index c:\Users\sharmab\Desktop\work\myfca-dev\myfca-development-repo\src\main\java\com\imperialm\imiservices\rest\BannerController.java
INFO	?	InitialIndex	2016-12-28T20:30:46.784Z	org.javacs.SymbolIndex$1#parseAll	Index c:\Users\sharmab\Desktop\work\myfca-dev\myfca-development-repo\src\main\java\com\imperialm\imiservices\rest\DashboardController.java
INFO	?	InitialIndex	2016-12-28T20:30:46.789Z	org.javacs.SymbolIndex$1#parseAll	Index c:\Users\sharmab\Desktop\work\myfca-dev\myfca-development-repo\src\main\java\com\imperialm\imiservices\rest\IMIServicesErrorController.java
INFO	?	InitialIndex	2016-12-28T20:30:46.793Z	org.javacs.SymbolIndex$1#parseAll	Index c:\Users\sharmab\Desktop\work\myfca-dev\myfca-development-repo\src\main\java\com\imperialm\imiservices\rest\IMIServiceWebController.java
INFO	?	InitialIndex	2016-12-28T20:30:46.795Z	org.javacs.SymbolIndex$1#parseAll	Index c:\Users\sharmab\Desktop\work\myfca-dev\myfca-development-repo\src\main\java\com\imperialm\imiservices\rest\MenuController.java
INFO	?	InitialIndex	2016-12-28T20:30:46.798Z	org.javacs.SymbolIndex$1#parseAll	Index c:\Users\sharmab\Desktop\work\myfca-dev\myfca-development-repo\src\main\java\com\imperialm\imiservices\rest\ResourceLoadController.java
INFO	?	InitialIndex	2016-12-28T20:30:46.801Z	org.javacs.SymbolIndex$1#parseAll	Index c:\Users\sharmab\Desktop\work\myfca-dev\myfca-development-repo\src\main\java\com\imperialm\imiservices\rest\UserProfileController.java
INFO	?	InitialIndex	2016-12-28T20:30:46.842Z	org.javacs.SymbolIndex$1#parseAll	Index c:\Users\sharmab\Desktop\work\myfca-dev\myfca-development-repo\src\main\java\com\imperialm\imiservices\services\BannerService.java
INFO	?	InitialIndex	2016-12-28T20:30:46.844Z	org.javacs.SymbolIndex$1#parseAll	Index c:\Users\sharmab\Desktop\work\myfca-dev\myfca-development-repo\src\main\java\com\imperialm\imiservices\services\BannerServiceImpl.java
INFO	?	InitialIndex	2016-12-28T20:30:46.845Z	org.javacs.SymbolIndex$1#parseAll	Index c:\Users\sharmab\Desktop\work\myfca-dev\myfca-development-repo\src\main\java\com\imperialm\imiservices\services\DashboardService.java
INFO	?	InitialIndex	2016-12-28T20:30:46.849Z	org.javacs.SymbolIndex$1#parseAll	Index c:\Users\sharmab\Desktop\work\myfca-dev\myfca-development-repo\src\main\java\com\imperialm\imiservices\services\DashboardServiceImpl.java
INFO	?	InitialIndex	2016-12-28T20:30:46.852Z	org.javacs.SymbolIndex$1#parseAll	Index c:\Users\sharmab\Desktop\work\myfca-dev\myfca-development-repo\src\main\java\com\imperialm\imiservices\services\MenuService.java
INFO	?	InitialIndex	2016-12-28T20:30:46.853Z	org.javacs.SymbolIndex$1#parseAll	Index c:\Users\sharmab\Desktop\work\myfca-dev\myfca-development-repo\src\main\java\com\imperialm\imiservices\services\MenuServiceImpl.java
INFO	?	InitialIndex	2016-12-28T20:30:46.857Z	org.javacs.SymbolIndex$1#parseAll	Index c:\Users\sharmab\Desktop\work\myfca-dev\myfca-development-repo\src\main\java\com\imperialm\imiservices\services\UserProfileService.java
INFO	?	InitialIndex	2016-12-28T20:30:46.859Z	org.javacs.SymbolIndex$1#parseAll	Index c:\Users\sharmab\Desktop\work\myfca-dev\myfca-development-repo\src\main\java\com\imperialm\imiservices\services\UserProfileServiceImpl.java
INFO	?	InitialIndex	2016-12-28T20:30:46.863Z	org.javacs.SymbolIndex$1#parseAll	Index c:\Users\sharmab\Desktop\work\myfca-dev\myfca-development-repo\src\main\java\com\imperialm\imiservices\util\IMIServicesConstants.java
INFO	?	InitialIndex	2016-12-28T20:30:46.865Z	org.javacs.SymbolIndex$1#parseAll	Index c:\Users\sharmab\Desktop\work\myfca-dev\myfca-development-repo\src\main\java\com\imperialm\imiservices\util\IMIServicesUtil.java
INFO	?	main	2016-12-28T20:30:48.231Z	org.javacs.JavaLanguageServer#buildClassPath	Emit classpath to C:\Users\sharmab\AppData\Local\Temp\classpath8704309938048706127.txt
INFO	?	main	2016-12-28T20:30:54.483Z	org.javacs.JavaLanguageServer#sourceDirectories	Use default source directory src/main/java
INFO	?	main	2016-12-28T20:30:54.485Z	org.javacs.JavaLanguageServer#sourceDirectories	Use default test directory src/test/java
INFO	?	main	2016-12-28T20:31:52.691Z	org.javacs.JavaLanguageServer#doLint	Lint [c:\Users\sharmab\Desktop\work\myfca-dev\myfca-development-repo\src\main\java\com\imperialm\imiservices\IMIServicesApplication.java]
INFO	?	main	2016-12-28T20:31:52.694Z	org.javacs.JavaLanguageServer#buildClassPath	Emit classpath to C:\Users\sharmab\AppData\Local\Temp\classpath3704626668332414768.txt
INFO	?	main	2016-12-28T20:31:57.321Z	org.javacs.JavaLanguageServer#sourceDirectories	Use default source directory src/main/java
INFO	?	main	2016-12-28T20:31:57.322Z	org.javacs.JavaLanguageServer#sourceDirectories	Use default test directory src/test/java
INFO	?	main	2016-12-28T20:32:01.370Z	org.javacs.JavaLanguageServer#buildClassPath	Emit classpath to C:\Users\sharmab\AppData\Local\Temp\classpath161060402270669978.txt
INFO	?	main	2016-12-28T20:32:05.737Z	org.javacs.JavaLanguageServer#sourceDirectories	Use default source directory src/main/java
INFO	?	main	2016-12-28T20:32:05.738Z	org.javacs.JavaLanguageServer#sourceDirectories	Use default test directory src/test/java
INFO	?	main	2016-12-28T20:32:50.063Z	org.javacs.JavaLanguageServer#doLint	Lint [c:\Users\sharmab\Desktop\work\myfca-dev\myfca-development-repo\src\main\java\com\imperialm\imiservices\util\IMIServicesUtil.java]
INFO	?	main	2016-12-28T20:32:50.066Z	org.javacs.JavaLanguageServer#buildClassPath	Emit classpath to C:\Users\sharmab\AppData\Local\Temp\classpath5228799806212924665.txt
INFO	?	main	2016-12-28T20:32:54.989Z	org.javacs.JavaLanguageServer#sourceDirectories	Use default source directory src/main/java
INFO	?	main	2016-12-28T20:32:54.990Z	org.javacs.JavaLanguageServer#sourceDirectories	Use default test directory src/test/java
INFO	?	main	2016-12-28T20:32:55.050Z	org.javacs.JavaLanguageServer#buildClassPath	Emit classpath to C:\Users\sharmab\AppData\Local\Temp\classpath1879694845340048943.txt
INFO	?	main	2016-12-28T20:32:59.057Z	org.javacs.JavaLanguageServer#sourceDirectories	Use default source directory src/main/java
INFO	?	main	2016-12-28T20:32:59.058Z	org.javacs.JavaLanguageServer#sourceDirectories	Use default test directory src/test/java
